This is pdfTeX, Version 3.14159265-2.6-1.40.19 (TeX Live 2018) (preloaded format=pdflatex 2018.5.1)  25 MAY 2018 00:38
entering extended mode
 restricted \write18 enabled.
 %&-line parsing enabled.
**Outputs.tex
(./Outputs.tex
LaTeX2e <2018-04-01> patch level 3
Babel <3.19> and hyphenation patterns for 84 language(s) loaded.
(/home/vaibhav/.texlive/2018/texmf-dist/tex/latex/amscls/amsart.cls
Document Class: amsart 2017/10/31 v2.20.4
\linespacing=\dimen102
\normalparindent=\dimen103
\normaltopskip=\skip41
(/home/vaibhav/.texlive/2018/texmf-dist/tex/latex/amsmath/amsmath.sty
Package: amsmath 2017/09/02 v2.17a AMS math features
\@mathmargin=\skip42

For additional information on amsmath, use the `?' option.
(/home/vaibhav/.texlive/2018/texmf-dist/tex/latex/amsmath/amstext.sty
Package: amstext 2000/06/29 v2.01 AMS text

(/home/vaibhav/.texlive/2018/texmf-dist/tex/latex/amsmath/amsgen.sty
File: amsgen.sty 1999/11/30 v2.0 generic functions
\@emptytoks=\toks14
\ex@=\dimen104
))
(/home/vaibhav/.texlive/2018/texmf-dist/tex/latex/amsmath/amsbsy.sty
Package: amsbsy 1999/11/29 v1.2d Bold Symbols
\pmbraise@=\dimen105
)
(/home/vaibhav/.texlive/2018/texmf-dist/tex/latex/amsmath/amsopn.sty
Package: amsopn 2016/03/08 v2.02 operator names
)
\inf@bad=\count80
LaTeX Info: Redefining \frac on input line 213.
\uproot@=\count81
\leftroot@=\count82
LaTeX Info: Redefining \overline on input line 375.
\classnum@=\count83
\DOTSCASE@=\count84
LaTeX Info: Redefining \ldots on input line 472.
LaTeX Info: Redefining \dots on input line 475.
LaTeX Info: Redefining \cdots on input line 596.
\Mathstrutbox@=\box26
\strutbox@=\box27
\big@size=\dimen106
LaTeX Font Info:    Redeclaring font encoding OML on input line 712.
LaTeX Font Info:    Redeclaring font encoding OMS on input line 713.
\macc@depth=\count85
\c@MaxMatrixCols=\count86
\dotsspace@=\muskip10
\c@parentequation=\count87
\dspbrk@lvl=\count88
\tag@help=\toks15
\row@=\count89
\column@=\count90
\maxfields@=\count91
\andhelp@=\toks16
\eqnshift@=\dimen107
\alignsep@=\dimen108
\tagshift@=\dimen109
\tagwidth@=\dimen110
\totwidth@=\dimen111
\lineht@=\dimen112
\@envbody=\toks17
\multlinegap=\skip43
\multlinetaggap=\skip44
\mathdisplay@stack=\toks18
LaTeX Info: Redefining \[ on input line 2817.
LaTeX Info: Redefining \] on input line 2818.
)
LaTeX Font Info:    Try loading font information for U+msa on input line 398.

(/home/vaibhav/.texlive/2018/texmf-dist/tex/latex/amsfonts/umsa.fd
File: umsa.fd 2013/01/14 v3.01 AMS symbols A
)
(/home/vaibhav/.texlive/2018/texmf-dist/tex/latex/amsfonts/amsfonts.sty
Package: amsfonts 2013/01/14 v3.01 Basic AMSFonts support
\symAMSa=\mathgroup4
\symAMSb=\mathgroup5
LaTeX Font Info:    Overwriting math alphabet `\mathfrak' in version `bold'
(Font)                  U/euf/m/n --> U/euf/b/n on input line 106.
)
\copyins=\insert199
\abstractbox=\box28
\listisep=\skip45
\c@part=\count92
\c@section=\count93
\c@subsection=\count94
\c@subsubsection=\count95
\c@paragraph=\count96
\c@subparagraph=\count97
\c@figure=\count98
\c@table=\count99
\abovecaptionskip=\skip46
\belowcaptionskip=\skip47
\captionindent=\dimen113
\thm@style=\toks19
\thm@bodyfont=\toks20
\thm@headfont=\toks21
\thm@notefont=\toks22
\thm@headpunct=\toks23
\thm@preskip=\skip48
\thm@postskip=\skip49
\thm@headsep=\skip50
\dth@everypar=\toks24
)
(/home/vaibhav/.texlive/2018/texmf-dist/tex/latex/pdfpages/pdfpages.sty
Package: pdfpages 2017/10/31 v0.5l Insert pages of external PDF documents (AM)

(/home/vaibhav/.texlive/2018/texmf-dist/tex/latex/base/ifthen.sty
Package: ifthen 2014/09/29 v1.1c Standard LaTeX ifthen package (DPC)
)
(/home/vaibhav/.texlive/2018/texmf-dist/tex/latex/tools/calc.sty
Package: calc 2017/05/25 v4.3 Infix arithmetic (KKT,FJ)
\calc@Acount=\count100
\calc@Bcount=\count101
\calc@Adimen=\dimen114
\calc@Bdimen=\dimen115
\calc@Askip=\skip51
\calc@Bskip=\skip52
LaTeX Info: Redefining \setlength on input line 80.
LaTeX Info: Redefining \addtolength on input line 81.
\calc@Ccount=\count102
\calc@Cskip=\skip53
)
(/home/vaibhav/.texlive/2018/texmf-dist/tex/latex/eso-pic/eso-pic.sty
Package: eso-pic 2015/07/21 v2.0g eso-pic (RN)

(/home/vaibhav/.texlive/2018/texmf-dist/tex/generic/oberdiek/atbegshi.sty
Package: atbegshi 2016/06/09 v1.18 At begin shipout hook (HO)

(/home/vaibhav/.texlive/2018/texmf-dist/tex/generic/oberdiek/infwarerr.sty
Package: infwarerr 2016/05/16 v1.4 Providing info/warning/error messages (HO)
)
(/home/vaibhav/.texlive/2018/texmf-dist/tex/generic/oberdiek/ltxcmds.sty
Package: ltxcmds 2016/05/16 v1.23 LaTeX kernel commands for general use (HO)
)
(/home/vaibhav/.texlive/2018/texmf-dist/tex/generic/oberdiek/ifpdf.sty
Package: ifpdf 2017/03/15 v3.2 Provides the ifpdf switch
))
(/home/vaibhav/.texlive/2018/texmf-dist/tex/latex/graphics/keyval.sty
Package: keyval 2014/10/28 v1.15 key=value parser (DPC)
\KV@toks@=\toks25
)
(/home/vaibhav/.texlive/2018/texmf-dist/tex/latex/xcolor/xcolor.sty
Package: xcolor 2016/05/11 v2.12 LaTeX color extensions (UK)

(/home/vaibhav/.texlive/2018/texmf-dist/tex/latex/graphics-cfg/color.cfg
File: color.cfg 2016/01/02 v1.6 sample color configuration
)
Package xcolor Info: Driver file: pdftex.def on input line 225.

(/home/vaibhav/.texlive/2018/texmf-dist/tex/latex/graphics-def/pdftex.def
File: pdftex.def 2018/01/08 v1.0l Graphics/color driver for pdftex
)
Package xcolor Info: Model `cmy' substituted by `cmy0' on input line 1348.
Package xcolor Info: Model `hsb' substituted by `rgb' on input line 1352.
Package xcolor Info: Model `RGB' extended on input line 1364.
Package xcolor Info: Model `HTML' substituted by `rgb' on input line 1366.
Package xcolor Info: Model `Hsb' substituted by `hsb' on input line 1367.
Package xcolor Info: Model `tHsb' substituted by `hsb' on input line 1368.
Package xcolor Info: Model `HSB' substituted by `hsb' on input line 1369.
Package xcolor Info: Model `Gray' substituted by `gray' on input line 1370.
Package xcolor Info: Model `wave' substituted by `hsb' on input line 1371.
))
(/home/vaibhav/.texlive/2018/texmf-dist/tex/latex/graphics/graphicx.sty
Package: graphicx 2017/06/01 v1.1a Enhanced LaTeX Graphics (DPC,SPQR)

(/home/vaibhav/.texlive/2018/texmf-dist/tex/latex/graphics/graphics.sty
Package: graphics 2017/06/25 v1.2c Standard LaTeX Graphics (DPC,SPQR)

(/home/vaibhav/.texlive/2018/texmf-dist/tex/latex/graphics/trig.sty
Package: trig 2016/01/03 v1.10 sin cos tan (DPC)
)
(/home/vaibhav/.texlive/2018/texmf-dist/tex/latex/graphics-cfg/graphics.cfg
File: graphics.cfg 2016/06/04 v1.11 sample graphics configuration
)
Package graphics Info: Driver file: pdftex.def on input line 99.
)
\Gin@req@height=\dimen116
\Gin@req@width=\dimen117
)
\AM@pagewidth=\dimen118
\AM@pageheight=\dimen119

(/home/vaibhav/.texlive/2018/texmf-dist/tex/latex/pdfpages/pppdftex.def
File: pppdftex.def 2017/10/31 v0.5l Pdfpages driver for pdfTeX (AM)
)
\AM@pagebox=\box29
\AM@global@opts=\toks26
\AM@toc@title=\toks27
\c@AM@survey=\count103
\AM@templatesizebox=\box30
)
(./Outputs.aux

LaTeX Warning: Label `' multiply defined.


LaTeX Warning: Label `' multiply defined.


LaTeX Warning: Label `' multiply defined.


LaTeX Warning: Label `' multiply defined.


LaTeX Warning: Label `' multiply defined.


LaTeX Warning: Label `' multiply defined.


LaTeX Warning: Label `' multiply defined.


LaTeX Warning: Label `' multiply defined.


LaTeX Warning: Label `' multiply defined.


LaTeX Warning: Label `' multiply defined.


LaTeX Warning: Label `' multiply defined.


LaTeX Warning: Label `' multiply defined.


LaTeX Warning: Label `' multiply defined.


LaTeX Warning: Label `' multiply defined.


LaTeX Warning: Label `' multiply defined.


LaTeX Warning: Label `' multiply defined.


LaTeX Warning: Label `' multiply defined.


LaTeX Warning: Label `' multiply defined.

)
\openout1 = `Outputs.aux'.

LaTeX Font Info:    Checking defaults for OML/cmm/m/it on input line 4.
LaTeX Font Info:    ... okay on input line 4.
LaTeX Font Info:    Checking defaults for T1/cmr/m/n on input line 4.
LaTeX Font Info:    ... okay on input line 4.
LaTeX Font Info:    Checking defaults for OT1/cmr/m/n on input line 4.
LaTeX Font Info:    ... okay on input line 4.
LaTeX Font Info:    Checking defaults for OMS/cmsy/m/n on input line 4.
LaTeX Font Info:    ... okay on input line 4.
LaTeX Font Info:    Checking defaults for OMX/cmex/m/n on input line 4.
LaTeX Font Info:    ... okay on input line 4.
LaTeX Font Info:    Checking defaults for U/cmr/m/n on input line 4.
LaTeX Font Info:    ... okay on input line 4.
LaTeX Font Info:    Try loading font information for U+msa on input line 4.
 (/home/vaibhav/.texlive/2018/texmf-dist/tex/latex/amsfonts/umsa.fd
File: umsa.fd 2013/01/14 v3.01 AMS symbols A
)
LaTeX Font Info:    Try loading font information for U+msb on input line 4.

(/home/vaibhav/.texlive/2018/texmf-dist/tex/latex/amsfonts/umsb.fd
File: umsb.fd 2013/01/14 v3.01 AMS symbols B
)
\AtBeginShipoutBox=\box31

(/home/vaibhav/.texlive/2018/texmf-dist/tex/context/base/mkii/supp-pdf.mkii
[Loading MPS to PDF converter (version 2006.09.02).]
\scratchcounter=\count104
\scratchdimen=\dimen120
\scratchbox=\box32
\nofMPsegments=\count105
\nofMParguments=\count106
\everyMPshowfont=\toks28
\MPscratchCnt=\count107
\MPscratchDim=\dimen121
\MPnumerator=\count108
\makeMPintoPDFobject=\count109
\everyMPtoPDFconversion=\toks29
) (/home/vaibhav/.texlive/2018/texmf-dist/tex/latex/oberdiek/epstopdf-base.sty
Package: epstopdf-base 2016/05/15 v2.6 Base part for package epstopdf

(/home/vaibhav/.texlive/2018/texmf-dist/tex/latex/oberdiek/grfext.sty
Package: grfext 2016/05/16 v1.2 Manage graphics extensions (HO)

(/home/vaibhav/.texlive/2018/texmf-dist/tex/generic/oberdiek/kvdefinekeys.sty
Package: kvdefinekeys 2016/05/16 v1.4 Define keys (HO)
)) (/home/vaibhav/.texlive/2018/texmf-dist/tex/latex/oberdiek/kvoptions.sty
Package: kvoptions 2016/05/16 v3.12 Key value format for package options (HO)

(/home/vaibhav/.texlive/2018/texmf-dist/tex/generic/oberdiek/kvsetkeys.sty
Package: kvsetkeys 2016/05/16 v1.17 Key value parser (HO)

(/home/vaibhav/.texlive/2018/texmf-dist/tex/generic/oberdiek/etexcmds.sty
Package: etexcmds 2016/05/16 v1.6 Avoid name clashes with e-TeX commands (HO)

(/home/vaibhav/.texlive/2018/texmf-dist/tex/generic/oberdiek/ifluatex.sty
Package: ifluatex 2016/05/16 v1.4 Provides the ifluatex switch (HO)
Package ifluatex Info: LuaTeX not detected.
)
Package etexcmds Info: Could not find \expanded.
(etexcmds)             That can mean that you are not using pdfTeX 1.50 or
(etexcmds)             that some package has redefined \expanded.
(etexcmds)             In the latter case, load this package earlier.
)))
(/home/vaibhav/.texlive/2018/texmf-dist/tex/generic/oberdiek/pdftexcmds.sty
Package: pdftexcmds 2018/01/30 v0.27 Utility functions of pdfTeX for LuaTeX (HO
)
Package pdftexcmds Info: LuaTeX not detected.
Package pdftexcmds Info: \pdf@primitive is available.
Package pdftexcmds Info: \pdf@ifprimitive is available.
Package pdftexcmds Info: \pdfdraftmode found.
)
Package epstopdf-base Info: Redefining graphics rule for `.eps' on input line 4
38.
Package grfext Info: Graphics extension search list:
(grfext)             [.pdf,.png,.jpg,.mps,.jpeg,.jbig2,.jb2,.PDF,.PNG,.JPG,.JPE
G,.JBIG2,.JB2,.eps]
(grfext)             \AppendGraphicsExtensions on input line 456.

(/home/vaibhav/.texlive/2018/texmf-dist/tex/latex/latexconfig/epstopdf-sys.cfg
File: epstopdf-sys.cfg 2010/07/13 v1.3 Configuration of (r)epstopdf for TeX Liv
e
)) (/home/vaibhav/.texlive/2018/texmf-dist/tex/latex/oberdiek/pdflscape.sty
Package: pdflscape 2016/05/14 v0.11 Display of landscape pages in PDF (HO)

(/home/vaibhav/.texlive/2018/texmf-dist/tex/latex/graphics/lscape.sty
Package: lscape 2000/10/22 v3.01 Landscape Pages (DPC)
)
Package pdflscape Info: Auto-detected driver: pdftex on input line 81.

(/home/vaibhav/.texlive/2018/texmf-dist/tex/generic/ifxetex/ifxetex.sty
Package: ifxetex 2010/09/12 v0.6 Provides ifxetex conditional
))
<Scatter_plot_matrix_all_variables.pdf, id=1, 614.295pt x 794.97pt>
File: Scatter_plot_matrix_all_variables.pdf Graphic file (type pdf)
<use Scatter_plot_matrix_all_variables.pdf>
Package pdftex.def Info: Scatter_plot_matrix_all_variables.pdf  used on input l
ine 8.
(pdftex.def)             Requested size: 368.57983pt x 476.98569pt.

Overfull \hbox (8.57983pt too wide) in paragraph at lines 8--9
 [][] 
 []

<Scatter_plot_matrix_selected_variables.pdf, id=2, 614.295pt x 794.97pt>
File: Scatter_plot_matrix_selected_variables.pdf Graphic file (type pdf)
<use Scatter_plot_matrix_selected_variables.pdf>
Package pdftex.def Info: Scatter_plot_matrix_selected_variables.pdf  used on in
put line 13.
(pdftex.def)             Requested size: 368.57983pt x 476.98569pt.

Overfull \hbox (8.57983pt too wide) in paragraph at lines 13--14
 [][] 
 []

<Spatial_Weight_Matrix.png, id=3, 4265.9375pt x 5520.625pt>
File: Spatial_Weight_Matrix.png Graphic file (type png)
<use Spatial_Weight_Matrix.png>
Package pdftex.def Info: Spatial_Weight_Matrix.png  used on input line 18.
(pdftex.def)             Requested size: 426.61874pt x 552.09485pt.

Overfull \hbox (66.61874pt too wide) in paragraph at lines 18--19
 [][] 
 []


Overfull \hbox (150.9193pt too wide) in paragraph at lines 75--84
 []|  [] 
 []

<Moran_spatial_autocorrelation_all.png, id=4, 4265.9375pt x 5520.625pt>
File: Moran_spatial_autocorrelation_all.png Graphic file (type png)
<use Moran_spatial_autocorrelation_all.png>
Package pdftex.def Info: Moran_spatial_autocorrelation_all.png  used on input l
ine 144.
(pdftex.def)             Requested size: 383.91782pt x 496.83482pt.

Overfull \hbox (23.91782pt too wide) in paragraph at lines 144--145
 [][] 
 []


Overfull \hbox (150.9193pt too wide) in paragraph at lines 303--312
 []|  [] 
 []

<Moran_rent_overburdened.png, id=5, 4265.9375pt x 5520.625pt>
File: Moran_rent_overburdened.png Graphic file (type png)
<use Moran_rent_overburdened.png>
Package pdftex.def Info: Moran_rent_overburdened.png  used on input line 318.
(pdftex.def)             Requested size: 383.91782pt x 496.83482pt.

Overfull \hbox (23.91782pt too wide) in paragraph at lines 318--319
 [][] 
 []


Overfull \hbox (95.81903pt too wide) in paragraph at lines 474--483
 []|  [] 
 []


Overfull \hbox (53.91353pt too wide) in paragraph at lines 586--595
 []|  [] 
 []

<Moran_active_rentals.png, id=6, 4265.9375pt x 5520.625pt>
File: Moran_active_rentals.png Graphic file (type png)
<use Moran_active_rentals.png>
Package pdftex.def Info: Moran_active_rentals.png  used on input line 649.
(pdftex.def)             Requested size: 383.91782pt x 496.83482pt.

Overfull \hbox (23.91782pt too wide) in paragraph at lines 649--650
 [][] 
 []


Overfull \hbox (38.91351pt too wide) in paragraph at lines 801--810
 []|  [] 
 []

[1{/home/vaibhav/.texlive/2018/texmf-var/fonts/map/pdftex/updmap/pdftex.map} <.
/Scatter_plot_matrix_all_variables.pdf>] [2 <./Scatter_plot_matrix_selected_var
iables.pdf>] [3 <./Spatial_Weight_Matrix.png>] [4] [5] [6 <./Moran_spatial_auto
correlation_all.png>] [7] [8] [9] [10 <./Moran_rent_overburdened.png>] [11]
[12] [13] [14] [15] [16] [17 <./Moran_active_rentals.png>] [18] [19] [20]
(./Outputs.aux)

LaTeX Warning: There were multiply-defined labels.

 ) 
Here is how much of TeX's memory you used:
 3920 strings out of 492649
 54222 string characters out of 6127731
 190378 words of memory out of 5000000
 7576 multiletter control sequences out of 15000+600000
 9086 words of font info for 36 fonts, out of 8000000 for 9000
 1302 hyphenation exceptions out of 8191
 41i,10n,39p,274b,225s stack positions out of 5000i,500n,10000p,200000b,80000s
</home/vaibhav/.texlive/2018/texmf-dist/fonts/type1/public/amsfonts/cm/cmcsc1
0.pfb></home/vaibhav/.texlive/2018/texmf-dist/fonts/type1/public/amsfonts/cm/cm
mi10.pfb></home/vaibhav/.texlive/2018/texmf-dist/fonts/type1/public/amsfonts/cm
/cmr10.pfb></home/vaibhav/.texlive/2018/texmf-dist/fonts/type1/public/amsfonts/
cm/cmr7.pfb></home/vaibhav/.texlive/2018/texmf-dist/fonts/type1/public/amsfonts
/cm/cmsy10.pfb></home/vaibhav/.texlive/2018/texmf-dist/fonts/type1/public/amsfo
nts/cm/cmsy7.pfb></home/vaibhav/.texlive/2018/texmf-dist/fonts/type1/public/ams
fonts/cm/cmti10.pfb>
Output written on Outputs.pdf (20 pages, 7080976 bytes).
PDF statistics:
 113 PDF objects out of 1000 (max. 8388607)
 75 compressed objects within 1 object stream
 0 named destinations out of 1000 (max. 500000)
 31 words of extra memory for PDF output out of 10000 (max. 10000000)

