This is pdfTeX, Version 3.14159265-2.6-1.40.19 (TeX Live 2018) (preloaded format=pdflatex 2018.5.1)  3 JUN 2018 15:09
entering extended mode
 restricted \write18 enabled.
 %&-line parsing enabled.
**Figures.tex
(./Figures.tex
LaTeX2e <2018-04-01> patch level 3
Babel <3.19> and hyphenation patterns for 84 language(s) loaded.
(/home/vaibhav/.texlive/2018/texmf-dist/tex/latex/amscls/amsart.cls
Document Class: amsart 2017/10/31 v2.20.4
\linespacing=\dimen102
\normalparindent=\dimen103
\normaltopskip=\skip41
(/home/vaibhav/.texlive/2018/texmf-dist/tex/latex/amsmath/amsmath.sty
Package: amsmath 2017/09/02 v2.17a AMS math features
\@mathmargin=\skip42

For additional information on amsmath, use the `?' option.
(/home/vaibhav/.texlive/2018/texmf-dist/tex/latex/amsmath/amstext.sty
Package: amstext 2000/06/29 v2.01 AMS text

(/home/vaibhav/.texlive/2018/texmf-dist/tex/latex/amsmath/amsgen.sty
File: amsgen.sty 1999/11/30 v2.0 generic functions
\@emptytoks=\toks14
\ex@=\dimen104
))
(/home/vaibhav/.texlive/2018/texmf-dist/tex/latex/amsmath/amsbsy.sty
Package: amsbsy 1999/11/29 v1.2d Bold Symbols
\pmbraise@=\dimen105
)
(/home/vaibhav/.texlive/2018/texmf-dist/tex/latex/amsmath/amsopn.sty
Package: amsopn 2016/03/08 v2.02 operator names
)
\inf@bad=\count80
LaTeX Info: Redefining \frac on input line 213.
\uproot@=\count81
\leftroot@=\count82
LaTeX Info: Redefining \overline on input line 375.
\classnum@=\count83
\DOTSCASE@=\count84
LaTeX Info: Redefining \ldots on input line 472.
LaTeX Info: Redefining \dots on input line 475.
LaTeX Info: Redefining \cdots on input line 596.
\Mathstrutbox@=\box26
\strutbox@=\box27
\big@size=\dimen106
LaTeX Font Info:    Redeclaring font encoding OML on input line 712.
LaTeX Font Info:    Redeclaring font encoding OMS on input line 713.
\macc@depth=\count85
\c@MaxMatrixCols=\count86
\dotsspace@=\muskip10
\c@parentequation=\count87
\dspbrk@lvl=\count88
\tag@help=\toks15
\row@=\count89
\column@=\count90
\maxfields@=\count91
\andhelp@=\toks16
\eqnshift@=\dimen107
\alignsep@=\dimen108
\tagshift@=\dimen109
\tagwidth@=\dimen110
\totwidth@=\dimen111
\lineht@=\dimen112
\@envbody=\toks17
\multlinegap=\skip43
\multlinetaggap=\skip44
\mathdisplay@stack=\toks18
LaTeX Info: Redefining \[ on input line 2817.
LaTeX Info: Redefining \] on input line 2818.
)
LaTeX Font Info:    Try loading font information for U+msa on input line 398.

(/home/vaibhav/.texlive/2018/texmf-dist/tex/latex/amsfonts/umsa.fd
File: umsa.fd 2013/01/14 v3.01 AMS symbols A
)
(/home/vaibhav/.texlive/2018/texmf-dist/tex/latex/amsfonts/amsfonts.sty
Package: amsfonts 2013/01/14 v3.01 Basic AMSFonts support
\symAMSa=\mathgroup4
\symAMSb=\mathgroup5
LaTeX Font Info:    Overwriting math alphabet `\mathfrak' in version `bold'
(Font)                  U/euf/m/n --> U/euf/b/n on input line 106.
)
\copyins=\insert199
\abstractbox=\box28
\listisep=\skip45
\c@part=\count92
\c@section=\count93
\c@subsection=\count94
\c@subsubsection=\count95
\c@paragraph=\count96
\c@subparagraph=\count97
\c@figure=\count98
\c@table=\count99
\abovecaptionskip=\skip46
\belowcaptionskip=\skip47
\captionindent=\dimen113
\thm@style=\toks19
\thm@bodyfont=\toks20
\thm@headfont=\toks21
\thm@notefont=\toks22
\thm@headpunct=\toks23
\thm@preskip=\skip48
\thm@postskip=\skip49
\thm@headsep=\skip50
\dth@everypar=\toks24
)
(/home/vaibhav/.texlive/2018/texmf-dist/tex/latex/pdfpages/pdfpages.sty
Package: pdfpages 2017/10/31 v0.5l Insert pages of external PDF documents (AM)

(/home/vaibhav/.texlive/2018/texmf-dist/tex/latex/base/ifthen.sty
Package: ifthen 2014/09/29 v1.1c Standard LaTeX ifthen package (DPC)
)
(/home/vaibhav/.texlive/2018/texmf-dist/tex/latex/tools/calc.sty
Package: calc 2017/05/25 v4.3 Infix arithmetic (KKT,FJ)
\calc@Acount=\count100
\calc@Bcount=\count101
\calc@Adimen=\dimen114
\calc@Bdimen=\dimen115
\calc@Askip=\skip51
\calc@Bskip=\skip52
LaTeX Info: Redefining \setlength on input line 80.
LaTeX Info: Redefining \addtolength on input line 81.
\calc@Ccount=\count102
\calc@Cskip=\skip53
)
(/home/vaibhav/.texlive/2018/texmf-dist/tex/latex/eso-pic/eso-pic.sty
Package: eso-pic 2015/07/21 v2.0g eso-pic (RN)

(/home/vaibhav/.texlive/2018/texmf-dist/tex/generic/oberdiek/atbegshi.sty
Package: atbegshi 2016/06/09 v1.18 At begin shipout hook (HO)

(/home/vaibhav/.texlive/2018/texmf-dist/tex/generic/oberdiek/infwarerr.sty
Package: infwarerr 2016/05/16 v1.4 Providing info/warning/error messages (HO)
)
(/home/vaibhav/.texlive/2018/texmf-dist/tex/generic/oberdiek/ltxcmds.sty
Package: ltxcmds 2016/05/16 v1.23 LaTeX kernel commands for general use (HO)
)
(/home/vaibhav/.texlive/2018/texmf-dist/tex/generic/oberdiek/ifpdf.sty
Package: ifpdf 2017/03/15 v3.2 Provides the ifpdf switch
))
(/home/vaibhav/.texlive/2018/texmf-dist/tex/latex/graphics/keyval.sty
Package: keyval 2014/10/28 v1.15 key=value parser (DPC)
\KV@toks@=\toks25
)
(/home/vaibhav/.texlive/2018/texmf-dist/tex/latex/xcolor/xcolor.sty
Package: xcolor 2016/05/11 v2.12 LaTeX color extensions (UK)

(/home/vaibhav/.texlive/2018/texmf-dist/tex/latex/graphics-cfg/color.cfg
File: color.cfg 2016/01/02 v1.6 sample color configuration
)
Package xcolor Info: Driver file: pdftex.def on input line 225.

(/home/vaibhav/.texlive/2018/texmf-dist/tex/latex/graphics-def/pdftex.def
File: pdftex.def 2018/01/08 v1.0l Graphics/color driver for pdftex
)
Package xcolor Info: Model `cmy' substituted by `cmy0' on input line 1348.
Package xcolor Info: Model `hsb' substituted by `rgb' on input line 1352.
Package xcolor Info: Model `RGB' extended on input line 1364.
Package xcolor Info: Model `HTML' substituted by `rgb' on input line 1366.
Package xcolor Info: Model `Hsb' substituted by `hsb' on input line 1367.
Package xcolor Info: Model `tHsb' substituted by `hsb' on input line 1368.
Package xcolor Info: Model `HSB' substituted by `hsb' on input line 1369.
Package xcolor Info: Model `Gray' substituted by `gray' on input line 1370.
Package xcolor Info: Model `wave' substituted by `hsb' on input line 1371.
))
(/home/vaibhav/.texlive/2018/texmf-dist/tex/latex/graphics/graphicx.sty
Package: graphicx 2017/06/01 v1.1a Enhanced LaTeX Graphics (DPC,SPQR)

(/home/vaibhav/.texlive/2018/texmf-dist/tex/latex/graphics/graphics.sty
Package: graphics 2017/06/25 v1.2c Standard LaTeX Graphics (DPC,SPQR)

(/home/vaibhav/.texlive/2018/texmf-dist/tex/latex/graphics/trig.sty
Package: trig 2016/01/03 v1.10 sin cos tan (DPC)
)
(/home/vaibhav/.texlive/2018/texmf-dist/tex/latex/graphics-cfg/graphics.cfg
File: graphics.cfg 2016/06/04 v1.11 sample graphics configuration
)
Package graphics Info: Driver file: pdftex.def on input line 99.
)
\Gin@req@height=\dimen116
\Gin@req@width=\dimen117
)
\AM@pagewidth=\dimen118
\AM@pageheight=\dimen119

(/home/vaibhav/.texlive/2018/texmf-dist/tex/latex/pdfpages/pppdftex.def
File: pppdftex.def 2017/10/31 v0.5l Pdfpages driver for pdfTeX (AM)
)
\AM@pagebox=\box29
\AM@global@opts=\toks26
\AM@toc@title=\toks27
\c@AM@survey=\count103
\AM@templatesizebox=\box30
)
(/home/vaibhav/.texlive/2018/texmf-dist/tex/latex/float/float.sty
Package: float 2001/11/08 v1.3d Float enhancements (AL)
\c@float@type=\count104
\float@exts=\toks28
\float@box=\box31
\@float@everytoks=\toks29
\@floatcapt=\box32
)
(./Figures.aux)
\openout1 = `Figures.aux'.

LaTeX Font Info:    Checking defaults for OML/cmm/m/it on input line 5.
LaTeX Font Info:    ... okay on input line 5.
LaTeX Font Info:    Checking defaults for T1/cmr/m/n on input line 5.
LaTeX Font Info:    ... okay on input line 5.
LaTeX Font Info:    Checking defaults for OT1/cmr/m/n on input line 5.
LaTeX Font Info:    ... okay on input line 5.
LaTeX Font Info:    Checking defaults for OMS/cmsy/m/n on input line 5.
LaTeX Font Info:    ... okay on input line 5.
LaTeX Font Info:    Checking defaults for OMX/cmex/m/n on input line 5.
LaTeX Font Info:    ... okay on input line 5.
LaTeX Font Info:    Checking defaults for U/cmr/m/n on input line 5.
LaTeX Font Info:    ... okay on input line 5.
LaTeX Font Info:    Try loading font information for U+msa on input line 5.

(/home/vaibhav/.texlive/2018/texmf-dist/tex/latex/amsfonts/umsa.fd
File: umsa.fd 2013/01/14 v3.01 AMS symbols A
)
LaTeX Font Info:    Try loading font information for U+msb on input line 5.

(/home/vaibhav/.texlive/2018/texmf-dist/tex/latex/amsfonts/umsb.fd
File: umsb.fd 2013/01/14 v3.01 AMS symbols B
)
\AtBeginShipoutBox=\box33

(/home/vaibhav/.texlive/2018/texmf-dist/tex/context/base/mkii/supp-pdf.mkii
[Loading MPS to PDF converter (version 2006.09.02).]
\scratchcounter=\count105
\scratchdimen=\dimen120
\scratchbox=\box34
\nofMPsegments=\count106
\nofMParguments=\count107
\everyMPshowfont=\toks30
\MPscratchCnt=\count108
\MPscratchDim=\dimen121
\MPnumerator=\count109
\makeMPintoPDFobject=\count110
\everyMPtoPDFconversion=\toks31
) (/home/vaibhav/.texlive/2018/texmf-dist/tex/latex/oberdiek/epstopdf-base.sty
Package: epstopdf-base 2016/05/15 v2.6 Base part for package epstopdf

(/home/vaibhav/.texlive/2018/texmf-dist/tex/latex/oberdiek/grfext.sty
Package: grfext 2016/05/16 v1.2 Manage graphics extensions (HO)

(/home/vaibhav/.texlive/2018/texmf-dist/tex/generic/oberdiek/kvdefinekeys.sty
Package: kvdefinekeys 2016/05/16 v1.4 Define keys (HO)
)) (/home/vaibhav/.texlive/2018/texmf-dist/tex/latex/oberdiek/kvoptions.sty
Package: kvoptions 2016/05/16 v3.12 Key value format for package options (HO)

(/home/vaibhav/.texlive/2018/texmf-dist/tex/generic/oberdiek/kvsetkeys.sty
Package: kvsetkeys 2016/05/16 v1.17 Key value parser (HO)

(/home/vaibhav/.texlive/2018/texmf-dist/tex/generic/oberdiek/etexcmds.sty
Package: etexcmds 2016/05/16 v1.6 Avoid name clashes with e-TeX commands (HO)

(/home/vaibhav/.texlive/2018/texmf-dist/tex/generic/oberdiek/ifluatex.sty
Package: ifluatex 2016/05/16 v1.4 Provides the ifluatex switch (HO)
Package ifluatex Info: LuaTeX not detected.
)
Package etexcmds Info: Could not find \expanded.
(etexcmds)             That can mean that you are not using pdfTeX 1.50 or
(etexcmds)             that some package has redefined \expanded.
(etexcmds)             In the latter case, load this package earlier.
)))
(/home/vaibhav/.texlive/2018/texmf-dist/tex/generic/oberdiek/pdftexcmds.sty
Package: pdftexcmds 2018/01/30 v0.27 Utility functions of pdfTeX for LuaTeX (HO
)
Package pdftexcmds Info: LuaTeX not detected.
Package pdftexcmds Info: \pdf@primitive is available.
Package pdftexcmds Info: \pdf@ifprimitive is available.
Package pdftexcmds Info: \pdfdraftmode found.
)
Package epstopdf-base Info: Redefining graphics rule for `.eps' on input line 4
38.
Package grfext Info: Graphics extension search list:
(grfext)             [.pdf,.png,.jpg,.mps,.jpeg,.jbig2,.jb2,.PDF,.PNG,.JPG,.JPE
G,.JBIG2,.JB2,.eps]
(grfext)             \AppendGraphicsExtensions on input line 456.

(/home/vaibhav/.texlive/2018/texmf-dist/tex/latex/latexconfig/epstopdf-sys.cfg
File: epstopdf-sys.cfg 2010/07/13 v1.3 Configuration of (r)epstopdf for TeX Liv
e
)) (/home/vaibhav/.texlive/2018/texmf-dist/tex/latex/oberdiek/pdflscape.sty
Package: pdflscape 2016/05/14 v0.11 Display of landscape pages in PDF (HO)

(/home/vaibhav/.texlive/2018/texmf-dist/tex/latex/graphics/lscape.sty
Package: lscape 2000/10/22 v3.01 Landscape Pages (DPC)
)
Package pdflscape Info: Auto-detected driver: pdftex on input line 81.

(/home/vaibhav/.texlive/2018/texmf-dist/tex/generic/ifxetex/ifxetex.sty
Package: ifxetex 2010/09/12 v0.6 Provides ifxetex conditional
))
<spm_all_RB_allrentals.pdf, id=1, 614.295pt x 794.97pt>
File: spm_all_RB_allrentals.pdf Graphic file (type pdf)
<use spm_all_RB_allrentals.pdf>
Package pdftex.def Info: spm_all_RB_allrentals.pdf  used on input line 11.
(pdftex.def)             Requested size: 368.57983pt x 476.98569pt.

Overfull \hbox (8.57983pt too wide) in paragraph at lines 11--12
 [][] 
 []

<spm_selected_RB_allrentals.pdf, id=2, 614.295pt x 794.97pt>
File: spm_selected_RB_allrentals.pdf Graphic file (type pdf)
<use spm_selected_RB_allrentals.pdf>
Package pdftex.def Info: spm_selected_RB_allrentals.pdf  used on input line 16.

(pdftex.def)             Requested size: 368.57983pt x 476.98569pt.

Overfull \hbox (8.57983pt too wide) in paragraph at lines 16--17
 [][] 
 []


Underfull \vbox (badness 10000) has occurred while \output is active []

 [1{/home/vaibhav/.texlive/2018/texmf-var/fonts/map/pdftex/updmap/pdftex.map} <
./spm_all_RB_allrentals.pdf>]
<Moran_RB_allrentals.pdf, id=16, 614.295pt x 794.97pt>
File: Moran_RB_allrentals.pdf Graphic file (type pdf)
<use Moran_RB_allrentals.pdf>
Package pdftex.def Info: Moran_RB_allrentals.pdf  used on input line 21.
(pdftex.def)             Requested size: 368.57983pt x 476.98569pt.

Overfull \hbox (8.57983pt too wide) in paragraph at lines 21--22
 [][] 
 []


Underfull \vbox (badness 10000) has occurred while \output is active []

 [2 <./spm_selected_RB_allrentals.pdf>] [3 <./Moran_RB_allrentals.pdf>]
<spm_all_RB_activerentals.pdf, id=33, 614.295pt x 794.97pt>
File: spm_all_RB_activerentals.pdf Graphic file (type pdf)
<use spm_all_RB_activerentals.pdf>
Package pdftex.def Info: spm_all_RB_activerentals.pdf  used on input line 30.
(pdftex.def)             Requested size: 368.57983pt x 476.98569pt.

Overfull \hbox (8.57983pt too wide) in paragraph at lines 30--31
 [][] 
 []

<spm_selected_RB_activerentals.pdf, id=34, 614.295pt x 794.97pt>
File: spm_selected_RB_activerentals.pdf Graphic file (type pdf)
<use spm_selected_RB_activerentals.pdf>
Package pdftex.def Info: spm_selected_RB_activerentals.pdf  used on input line 
35.
(pdftex.def)             Requested size: 368.57983pt x 476.98569pt.

Overfull \hbox (8.57983pt too wide) in paragraph at lines 35--36
 [][] 
 []


Underfull \vbox (badness 10000) has occurred while \output is active []

 [4 <./spm_all_RB_activerentals.pdf>] [5 <./spm_selected_RB_activerentals.pdf>]
<spm_all_ROB_allrentals.pdf, id=51, 614.295pt x 794.97pt>
File: spm_all_ROB_allrentals.pdf Graphic file (type pdf)
<use spm_all_ROB_allrentals.pdf>
Package pdftex.def Info: spm_all_ROB_allrentals.pdf  used on input line 49.
(pdftex.def)             Requested size: 368.57983pt x 476.98569pt.

Overfull \hbox (8.57983pt too wide) in paragraph at lines 49--50
 [][] 
 []

<spm_selected_ROB_allrentals.pdf, id=52, 614.295pt x 794.97pt>
File: spm_selected_ROB_allrentals.pdf Graphic file (type pdf)
<use spm_selected_ROB_allrentals.pdf>
Package pdftex.def Info: spm_selected_ROB_allrentals.pdf  used on input line 54
.
(pdftex.def)             Requested size: 368.57983pt x 476.98569pt.

Overfull \hbox (8.57983pt too wide) in paragraph at lines 54--55
 [][] 
 []


Underfull \vbox (badness 10000) has occurred while \output is active []

 [6 <./spm_all_ROB_allrentals.pdf>]
<Moran_ROB_allrentals.pdf, id=61, 614.295pt x 794.97pt>
File: Moran_ROB_allrentals.pdf Graphic file (type pdf)
<use Moran_ROB_allrentals.pdf>
Package pdftex.def Info: Moran_ROB_allrentals.pdf  used on input line 59.
(pdftex.def)             Requested size: 368.57983pt x 476.98569pt.

Overfull \hbox (8.57983pt too wide) in paragraph at lines 59--60
 [][] 
 []


Underfull \vbox (badness 10000) has occurred while \output is active []

 [7 <./spm_selected_ROB_allrentals.pdf>] [8 <./Moran_ROB_allrentals.pdf>]
<spm_all_ROB_activerentals.pdf, id=79, 614.295pt x 794.97pt>
File: spm_all_ROB_activerentals.pdf Graphic file (type pdf)
<use spm_all_ROB_activerentals.pdf>
Package pdftex.def Info: spm_all_ROB_activerentals.pdf  used on input line 67.
(pdftex.def)             Requested size: 368.57983pt x 476.98569pt.

Overfull \hbox (8.57983pt too wide) in paragraph at lines 67--68
 [][] 
 []

<spm_selected_ROB_activerentals.pdf, id=80, 614.295pt x 794.97pt>
File: spm_selected_ROB_activerentals.pdf Graphic file (type pdf)
<use spm_selected_ROB_activerentals.pdf>
Package pdftex.def Info: spm_selected_ROB_activerentals.pdf  used on input line
 72.
(pdftex.def)             Requested size: 368.57983pt x 476.98569pt.

Overfull \hbox (8.57983pt too wide) in paragraph at lines 72--73
 [][] 
 []


Underfull \vbox (badness 10000) has occurred while \output is active []

 [9 <./spm_all_ROB_activerentals.pdf>] [10 <./spm_selected_ROB_activerentals.pd
f>]
<spm_all_RHW_allrentals.pdf, id=97, 614.295pt x 794.97pt>
File: spm_all_RHW_allrentals.pdf Graphic file (type pdf)
<use spm_all_RHW_allrentals.pdf>
Package pdftex.def Info: spm_all_RHW_allrentals.pdf  used on input line 85.
(pdftex.def)             Requested size: 368.57983pt x 476.98569pt.

Overfull \hbox (8.57983pt too wide) in paragraph at lines 85--86
 [][] 
 []

<spm_selected_RHW_allrentals.pdf, id=98, 614.295pt x 794.97pt>
File: spm_selected_RHW_allrentals.pdf Graphic file (type pdf)
<use spm_selected_RHW_allrentals.pdf>
Package pdftex.def Info: spm_selected_RHW_allrentals.pdf  used on input line 90
.
(pdftex.def)             Requested size: 368.57983pt x 476.98569pt.

Overfull \hbox (8.57983pt too wide) in paragraph at lines 90--91
 [][] 
 []


Underfull \vbox (badness 10000) has occurred while \output is active []

 [11 <./spm_all_RHW_allrentals.pdf>]
<Moran_RHW_allrentals.pdf, id=107, 614.295pt x 794.97pt>
File: Moran_RHW_allrentals.pdf Graphic file (type pdf)
<use Moran_RHW_allrentals.pdf>
Package pdftex.def Info: Moran_RHW_allrentals.pdf  used on input line 95.
(pdftex.def)             Requested size: 368.57983pt x 476.98569pt.

Overfull \hbox (8.57983pt too wide) in paragraph at lines 95--96
 [][] 
 []


Underfull \vbox (badness 10000) has occurred while \output is active []

 [12 <./spm_selected_RHW_allrentals.pdf>] [13 <./Moran_RHW_allrentals.pdf>]
<spm_all_RHW_activerentals.pdf, id=125, 614.295pt x 794.97pt>
File: spm_all_RHW_activerentals.pdf Graphic file (type pdf)
<use spm_all_RHW_activerentals.pdf>
Package pdftex.def Info: spm_all_RHW_activerentals.pdf  used on input line 103.

(pdftex.def)             Requested size: 368.57983pt x 476.98569pt.

Overfull \hbox (8.57983pt too wide) in paragraph at lines 103--104
 [][] 
 []

<spm_selected_RHW_activerentals.pdf, id=126, 614.295pt x 794.97pt>
File: spm_selected_RHW_activerentals.pdf Graphic file (type pdf)
<use spm_selected_RHW_activerentals.pdf>
Package pdftex.def Info: spm_selected_RHW_activerentals.pdf  used on input line
 108.
(pdftex.def)             Requested size: 368.57983pt x 476.98569pt.

Overfull \hbox (8.57983pt too wide) in paragraph at lines 108--109
 [][] 
 []


Underfull \vbox (badness 10000) has occurred while \output is active []

 [14 <./spm_all_RHW_activerentals.pdf>] [15 <./spm_selected_RHW_activerentals.p
df>]
<spm_all_LMR_allrentals.pdf, id=143, 614.295pt x 794.97pt>
File: spm_all_LMR_allrentals.pdf Graphic file (type pdf)
<use spm_all_LMR_allrentals.pdf>
Package pdftex.def Info: spm_all_LMR_allrentals.pdf  used on input line 121.
(pdftex.def)             Requested size: 368.57983pt x 476.98569pt.

Overfull \hbox (8.57983pt too wide) in paragraph at lines 121--122
 [][] 
 []

<spm_selected_LMR_allrentals.pdf, id=144, 614.295pt x 794.97pt>
File: spm_selected_LMR_allrentals.pdf Graphic file (type pdf)
<use spm_selected_LMR_allrentals.pdf>
Package pdftex.def Info: spm_selected_LMR_allrentals.pdf  used on input line 12
6.
(pdftex.def)             Requested size: 368.57983pt x 476.98569pt.

Overfull \hbox (8.57983pt too wide) in paragraph at lines 126--127
 [][] 
 []


Underfull \vbox (badness 10000) has occurred while \output is active []

 [16 <./spm_all_LMR_allrentals.pdf>]
<Moran_LMR_allrentals.pdf, id=153, 614.295pt x 794.97pt>
File: Moran_LMR_allrentals.pdf Graphic file (type pdf)
<use Moran_LMR_allrentals.pdf>
Package pdftex.def Info: Moran_LMR_allrentals.pdf  used on input line 131.
(pdftex.def)             Requested size: 368.57983pt x 476.98569pt.

Overfull \hbox (8.57983pt too wide) in paragraph at lines 131--132
 [][] 
 []


Underfull \vbox (badness 10000) has occurred while \output is active []

 [17 <./spm_selected_LMR_allrentals.pdf>] [18 <./Moran_LMR_allrentals.pdf>]
<spm_all_LMR_activerentals.pdf, id=171, 614.295pt x 794.97pt>
File: spm_all_LMR_activerentals.pdf Graphic file (type pdf)
<use spm_all_LMR_activerentals.pdf>
Package pdftex.def Info: spm_all_LMR_activerentals.pdf  used on input line 139.

(pdftex.def)             Requested size: 368.57983pt x 476.98569pt.

Overfull \hbox (8.57983pt too wide) in paragraph at lines 139--140
 [][] 
 []

<spm_selected_LMR_activerentals.pdf, id=172, 614.295pt x 794.97pt>
File: spm_selected_LMR_activerentals.pdf Graphic file (type pdf)
<use spm_selected_LMR_activerentals.pdf>
Package pdftex.def Info: spm_selected_LMR_activerentals.pdf  used on input line
 144.
(pdftex.def)             Requested size: 368.57983pt x 476.98569pt.

Overfull \hbox (8.57983pt too wide) in paragraph at lines 144--145
 [][] 
 []


Underfull \vbox (badness 10000) has occurred while \output is active []

 [19 <./spm_all_LMR_activerentals.pdf>] [20 <./spm_selected_LMR_activerentals.p
df>]
(./Figures.aux) ) 
Here is how much of TeX's memory you used:
 4040 strings out of 492649
 57523 string characters out of 6127731
 125703 words of memory out of 5000000
 7680 multiletter control sequences out of 15000+600000
 7686 words of font info for 30 fonts, out of 8000000 for 9000
 1302 hyphenation exceptions out of 8191
 41i,7n,39p,274b,199s stack positions out of 5000i,500n,10000p,200000b,80000s
</home/vaibhav/.texlive/2018/texmf-dist/fonts/type1/public/ams
fonts/cm/cmcsc10.pfb></home/vaibhav/.texlive/2018/texmf-dist/fonts/type1/public
/amsfonts/cm/cmr10.pfb></home/vaibhav/.texlive/2018/texmf-dist/fonts/type1/publ
ic/amsfonts/cm/cmr7.pfb>
Output written on Figures.pdf (20 pages, 74542611 bytes).
PDF statistics:
 202 PDF objects out of 1000 (max. 8388607)
 135 compressed objects within 2 object streams
 0 named destinations out of 1000 (max. 500000)
 101 words of extra memory for PDF output out of 10000 (max. 10000000)

